# JRE version: Java(TM) SE Runtime Environment (17.0.12+8) (build 17.0.12+8-LTS-286)
# Java VM: Java HotSpot(TM) 64-Bit Server VM (17.0.12+8-LTS-286, mixed mode, sharing, tiered, compressed oops, compressed class ptrs, g1 gc, windows-amd64)
GC Precious Log:
 CPUs: 16 total, 16 available
 Memory: 16052M
 Large Page Support: Disabled
 NUMA Support: Disabled
 Compressed Oops: Enabled (Zero based)
 Heap Region Size: 2M
 Heap Min Capacity: 8M
 Heap Initial Capacity: 252M
 Heap Max Capacity: 4014M
 Pre-touch: Disabled
 Parallel Workers: 13
 Concurrent Workers: 3
 Concurrent Refinement Workers: 13
 Periodic GC: Disabled
Heap:
 garbage-first heap   total 75776K, used 26036K [0x0000000705200000, 0x0000000800000000)
  region size 2048K, 4 young (8192K), 2 survivors (4096K)
 Metaspace       used 59802K, committed 60416K, reserved 1114112K
  class space    used 8487K, committed 8768K, reserved 1048576K
GC Heap History (20 events):
Event: 1.989 GC heap before
{Heap before GC invocations=4 (full 0):
 garbage-first heap   total 55296K, used 37101K [0x0000000705200000, 0x0000000800000000)
  region size 2048K, 16 young (32768K), 3 survivors (6144K)
 Metaspace       used 24545K, committed 24960K, reserved 1114112K
  class space    used 3228K, committed 3392K, reserved 1048576K
}
Event: 1.994 GC heap after
{Heap after GC invocations=5 (full 0):
 garbage-first heap   total 55296K, used 15453K [0x0000000705200000, 0x0000000800000000)
  region size 2048K, 2 young (4096K), 2 survivors (4096K)
 Metaspace       used 24545K, committed 24960K, reserved 1114112K
  class space    used 3228K, committed 3392K, reserved 1048576K
}
Event: 2.040 GC heap before
{Heap before GC invocations=5 (full 0):
 garbage-first heap   total 55296K, used 17501K [0x0000000705200000, 0x0000000800000000)
  region size 2048K, 3 young (6144K), 2 survivors (4096K)
 Metaspace       used 24841K, committed 25216K, reserved 1114112K
  class space    used 3268K, committed 3456K, reserved 1048576K
}
Event: 2.044 GC heap after
{Heap after GC invocations=6 (full 0):
 garbage-first heap   total 55296K, used 15687K [0x0000000705200000, 0x0000000800000000)
  region size 2048K, 1 young (2048K), 1 survivors (2048K)
 Metaspace       used 24841K, committed 25216K, reserved 1114112K
  class space    used 3268K, committed 3456K, reserved 1048576K
}
Event: 2.476 GC heap before
{Heap before GC invocations=6 (full 0):
 garbage-first heap   total 55296K, used 34119K [0x0000000705200000, 0x0000000800000000)
  region size 2048K, 10 young (20480K), 1 survivors (2048K)
 Metaspace       used 27432K, committed 27840K, reserved 1114112K
  class space    used 3621K, committed 3776K, reserved 1048576K
}
Event: 2.479 GC heap after
{Heap after GC invocations=7 (full 0):
 garbage-first heap   total 55296K, used 16626K [0x0000000705200000, 0x0000000800000000)
  region size 2048K, 1 young (2048K), 1 survivors (2048K)
 Metaspace       used 27432K, committed 27840K, reserved 1114112K
  class space    used 3621K, committed 3776K, reserved 1048576K
}
Event: 3.099 GC heap before
{Heap before GC invocations=7 (full 0):
 garbage-first heap   total 55296K, used 35058K [0x0000000705200000, 0x0000000800000000)
  region size 2048K, 11 young (22528K), 1 survivors (2048K)
 Metaspace       used 30867K, committed 31360K, reserved 1114112K
  class space    used 4134K, committed 4352K, reserved 1048576K
}
Event: 3.104 GC heap after
{Heap after GC invocations=8 (full 0):
 garbage-first heap   total 55296K, used 18370K [0x0000000705200000, 0x0000000800000000)
  region size 2048K, 2 young (4096K), 2 survivors (4096K)
 Metaspace       used 30867K, committed 31360K, reserved 1114112K
  class space    used 4134K, committed 4352K, reserved 1048576K
}
Event: 3.422 GC heap before
{Heap before GC invocations=8 (full 0):
 garbage-first heap   total 55296K, used 36802K [0x0000000705200000, 0x0000000800000000)
  region size 2048K, 11 young (22528K), 2 survivors (4096K)
 Metaspace       used 34761K, committed 35200K, reserved 1114112K
  class space    used 4877K, committed 5056K, reserved 1048576K
}
Event: 3.425 GC heap after
{Heap after GC invocations=9 (full 0):
 garbage-first heap   total 55296K, used 19458K [0x0000000705200000, 0x0000000800000000)
  region size 2048K, 2 young (4096K), 2 survivors (4096K)
 Metaspace       used 34761K, committed 35200K, reserved 1114112K
  class space    used 4877K, committed 5056K, reserved 1048576K
}
Event: 3.501 GC heap before
{Heap before GC invocations=9 (full 0):
 garbage-first heap   total 55296K, used 23554K [0x0000000705200000, 0x0000000800000000)
  region size 2048K, 5 young (10240K), 2 survivors (4096K)
 Metaspace       used 35519K, committed 35968K, reserved 1114112K
  class space    used 5003K, committed 5248K, reserved 1048576K
}
Event: 3.504 GC heap after
{Heap after GC invocations=10 (full 0):
 garbage-first heap   total 157696K, used 19985K [0x0000000705200000, 0x0000000800000000)
  region size 2048K, 1 young (2048K), 1 survivors (2048K)
 Metaspace       used 35519K, committed 35968K, reserved 1114112K
  class space    used 5003K, committed 5248K, reserved 1048576K
}
Event: 4.668 GC heap before
{Heap before GC invocations=11 (full 0):
 garbage-first heap   total 75776K, used 62993K [0x0000000705200000, 0x0000000800000000)
  region size 2048K, 22 young (45056K), 1 survivors (2048K)
 Metaspace       used 46145K, committed 46592K, reserved 1114112K
  class space    used 6450K, committed 6656K, reserved 1048576K
}
Event: 4.672 GC heap after
{Heap after GC invocations=12 (full 0):
 garbage-first heap   total 75776K, used 22186K [0x0000000705200000, 0x0000000800000000)
  region size 2048K, 2 young (4096K), 2 survivors (4096K)
 Metaspace       used 46145K, committed 46592K, reserved 1114112K
  class space    used 6450K, committed 6656K, reserved 1048576K
}
Event: 4.732 GC heap before
{Heap before GC invocations=12 (full 0):
 garbage-first heap   total 75776K, used 24234K [0x0000000705200000, 0x0000000800000000)
  region size 2048K, 3 young (6144K), 2 survivors (4096K)
 Metaspace       used 46495K, committed 46976K, reserved 1114112K
  class space    used 6496K, committed 6720K, reserved 1048576K
}
Event: 4.738 GC heap after
{Heap after GC invocations=13 (full 0):
 garbage-first heap   total 75776K, used 22184K [0x0000000705200000, 0x0000000800000000)
  region size 2048K, 1 young (2048K), 1 survivors (2048K)
 Metaspace       used 46495K, committed 46976K, reserved 1114112K
  class space    used 6496K, committed 6720K, reserved 1048576K
}
Event: 5.298 GC heap before
{Heap before GC invocations=13 (full 0):
 garbage-first heap   total 75776K, used 52904K [0x0000000705200000, 0x0000000800000000)
  region size 2048K, 17 young (34816K), 1 survivors (2048K)
 Metaspace       used 54644K, committed 55104K, reserved 1114112K
  class space    used 7751K, committed 8000K, reserved 1048576K
}
Event: 5.300 GC heap after
{Heap after GC invocations=14 (full 0):
 garbage-first heap   total 75776K, used 23070K [0x0000000705200000, 0x0000000800000000)
  region size 2048K, 1 young (2048K), 1 survivors (2048K)
 Metaspace       used 54644K, committed 55104K, reserved 1114112K
  class space    used 7751K, committed 8000K, reserved 1048576K
}
Event: 5.873 GC heap before
{Heap before GC invocations=14 (full 0):
 garbage-first heap   total 75776K, used 45598K [0x0000000705200000, 0x0000000800000000)
  region size 2048K, 13 young (26624K), 1 survivors (2048K)
 Metaspace       used 59642K, committed 60160K, reserved 1114112K
  class space    used 8465K, committed 8704K, reserved 1048576K
}
Event: 5.877 GC heap after
{Heap after GC invocations=15 (full 0):
 garbage-first heap   total 75776K, used 23988K [0x0000000705200000, 0x0000000800000000)
  region size 2048K, 2 young (4096K), 2 survivors (4096K)
 Metaspace       used 59642K, committed 60160K, reserved 1114112K
  class space    used 8465K, committed 8704K, reserved 1048576K
}

