# JRE version: Java(TM) SE Runtime Environment (17.0.12+8) (build 17.0.12+8-LTS-286)
# Java VM: Java HotSpot(TM) 64-Bit Server VM (17.0.12+8-LTS-286, mixed mode, sharing, tiered, compressed oops, compressed class ptrs, g1 gc, windows-amd64)
GC Precious Log:
 CPUs: 16 total, 16 available
 Memory: 16052M
 Large Page Support: Disabled
 NUMA Support: Disabled
 Compressed Oops: Enabled (Zero based)
 Heap Region Size: 2M
 Heap Min Capacity: 8M
 Heap Initial Capacity: 252M
 Heap Max Capacity: 4014M
 Pre-touch: Disabled
 Parallel Workers: 13
 Concurrent Workers: 3
 Concurrent Refinement Workers: 13
 Periodic GC: Disabled
Heap:
 garbage-first heap   total 157696K, used 52468K [0x0000000705200000, 0x0000000800000000)
  region size 2048K, 11 young (22528K), 2 survivors (4096K)
 Metaspace       used 73577K, committed 74112K, reserved 1114112K
  class space    used 10781K, committed 11072K, reserved 1048576K
GC Heap History (20 events):
Event: 6.740 GC heap before
{Heap before GC invocations=13 (full 0):
 garbage-first heap   total 55296K, used 40900K [0x0000000705200000, 0x0000000800000000)
  region size 2048K, 11 young (22528K), 2 survivors (4096K)
 Metaspace       used 49409K, committed 49856K, reserved 1114112K
  class space    used 6869K, committed 7104K, reserved 1048576K
}
Event: 6.744 GC heap after
{Heap after GC invocations=14 (full 0):
 garbage-first heap   total 55296K, used 23123K [0x0000000705200000, 0x0000000800000000)
  region size 2048K, 1 young (2048K), 1 survivors (2048K)
 Metaspace       used 49409K, committed 49856K, reserved 1114112K
  class space    used 6869K, committed 7104K, reserved 1048576K
}
Event: 7.185 GC heap before
{Heap before GC invocations=14 (full 0):
 garbage-first heap   total 55296K, used 41555K [0x0000000705200000, 0x0000000800000000)
  region size 2048K, 10 young (20480K), 1 survivors (2048K)
 Metaspace       used 54647K, committed 55168K, reserved 1114112K
  class space    used 7751K, committed 8000K, reserved 1048576K
}
Event: 7.189 GC heap after
{Heap after GC invocations=15 (full 0):
 garbage-first heap   total 55296K, used 23765K [0x0000000705200000, 0x0000000800000000)
  region size 2048K, 2 young (4096K), 2 survivors (4096K)
 Metaspace       used 54647K, committed 55168K, reserved 1114112K
  class space    used 7751K, committed 8000K, reserved 1048576K
}
Event: 7.578 GC heap before
{Heap before GC invocations=15 (full 0):
 garbage-first heap   total 55296K, used 42197K [0x0000000705200000, 0x0000000800000000)
  region size 2048K, 11 young (22528K), 2 survivors (4096K)
 Metaspace       used 58314K, committed 58752K, reserved 1114112K
  class space    used 8300K, committed 8512K, reserved 1048576K
}
Event: 7.581 GC heap after
{Heap after GC invocations=16 (full 0):
 garbage-first heap   total 55296K, used 24681K [0x0000000705200000, 0x0000000800000000)
  region size 2048K, 2 young (4096K), 2 survivors (4096K)
 Metaspace       used 58314K, committed 58752K, reserved 1114112K
  class space    used 8300K, committed 8512K, reserved 1048576K
}
Event: 7.793 GC heap before
{Heap before GC invocations=16 (full 0):
 garbage-first heap   total 55296K, used 28777K [0x0000000705200000, 0x0000000800000000)
  region size 2048K, 5 young (10240K), 2 survivors (4096K)
 Metaspace       used 59660K, committed 60160K, reserved 1114112K
  class space    used 8464K, committed 8704K, reserved 1048576K
}
Event: 7.796 GC heap after
{Heap after GC invocations=17 (full 0):
 garbage-first heap   total 55296K, used 24835K [0x0000000705200000, 0x0000000800000000)
  region size 2048K, 1 young (2048K), 1 survivors (2048K)
 Metaspace       used 59660K, committed 60160K, reserved 1114112K
  class space    used 8464K, committed 8704K, reserved 1048576K
}
Event: 8.580 GC heap before
{Heap before GC invocations=18 (full 0):
 garbage-first heap   total 55296K, used 43267K [0x0000000705200000, 0x0000000800000000)
  region size 2048K, 10 young (20480K), 1 survivors (2048K)
 Metaspace       used 62048K, committed 62592K, reserved 1114112K
  class space    used 8834K, committed 9088K, reserved 1048576K
}
Event: 8.584 GC heap after
{Heap after GC invocations=19 (full 0):
 garbage-first heap   total 55296K, used 26400K [0x0000000705200000, 0x0000000800000000)
  region size 2048K, 2 young (4096K), 2 survivors (4096K)
 Metaspace       used 62048K, committed 62592K, reserved 1114112K
  class space    used 8834K, committed 9088K, reserved 1048576K
}
Event: 8.908 GC heap before
{Heap before GC invocations=19 (full 0):
 garbage-first heap   total 55296K, used 42784K [0x0000000705200000, 0x0000000800000000)
  region size 2048K, 10 young (20480K), 2 survivors (4096K)
 Metaspace       used 64840K, committed 65408K, reserved 1114112K
  class space    used 9371K, committed 9600K, reserved 1048576K
}
Event: 8.912 GC heap after
{Heap after GC invocations=20 (full 0):
 garbage-first heap   total 55296K, used 27821K [0x0000000705200000, 0x0000000800000000)
  region size 2048K, 2 young (4096K), 2 survivors (4096K)
 Metaspace       used 64840K, committed 65408K, reserved 1114112K
  class space    used 9371K, committed 9600K, reserved 1048576K
}
Event: 9.225 GC heap before
{Heap before GC invocations=20 (full 0):
 garbage-first heap   total 55296K, used 42157K [0x0000000705200000, 0x0000000800000000)
  region size 2048K, 10 young (20480K), 2 survivors (4096K)
 Metaspace       used 65968K, committed 66496K, reserved 1114112K
  class space    used 9559K, committed 9792K, reserved 1048576K
}
Event: 9.228 GC heap after
{Heap after GC invocations=21 (full 0):
 garbage-first heap   total 55296K, used 28821K [0x0000000705200000, 0x0000000800000000)
  region size 2048K, 2 young (4096K), 2 survivors (4096K)
 Metaspace       used 65968K, committed 66496K, reserved 1114112K
  class space    used 9559K, committed 9792K, reserved 1048576K
}
Event: 9.573 GC heap before
{Heap before GC invocations=21 (full 0):
 garbage-first heap   total 55296K, used 43157K [0x0000000705200000, 0x0000000800000000)
  region size 2048K, 9 young (18432K), 2 survivors (4096K)
 Metaspace       used 68661K, committed 69184K, reserved 1114112K
  class space    used 10128K, committed 10368K, reserved 1048576K
}
Event: 9.576 GC heap after
{Heap after GC invocations=22 (full 0):
 garbage-first heap   total 55296K, used 29632K [0x0000000705200000, 0x0000000800000000)
  region size 2048K, 1 young (2048K), 1 survivors (2048K)
 Metaspace       used 68661K, committed 69184K, reserved 1114112K
  class space    used 10128K, committed 10368K, reserved 1048576K
}
Event: 9.720 GC heap before
{Heap before GC invocations=23 (full 0):
 garbage-first heap   total 55296K, used 43968K [0x0000000705200000, 0x0000000800000000)
  region size 2048K, 8 young (16384K), 1 survivors (2048K)
 Metaspace       used 69035K, committed 69568K, reserved 1114112K
  class space    used 10164K, committed 10368K, reserved 1048576K
}
Event: 9.726 GC heap after
{Heap after GC invocations=24 (full 0):
 garbage-first heap   total 157696K, used 34392K [0x0000000705200000, 0x0000000800000000)
  region size 2048K, 1 young (2048K), 1 survivors (2048K)
 Metaspace       used 69035K, committed 69568K, reserved 1114112K
  class space    used 10164K, committed 10368K, reserved 1048576K
}
Event: 10.709 GC heap before
{Heap before GC invocations=24 (full 0):
 garbage-first heap   total 157696K, used 118360K [0x0000000705200000, 0x0000000800000000)
  region size 2048K, 42 young (86016K), 1 survivors (2048K)
 Metaspace       used 70915K, committed 71488K, reserved 1114112K
  class space    used 10412K, committed 10688K, reserved 1048576K
}
Event: 10.713 GC heap after
{Heap after GC invocations=25 (full 0):
 garbage-first heap   total 157696K, used 36084K [0x0000000705200000, 0x0000000800000000)
  region size 2048K, 2 young (4096K), 2 survivors (4096K)
 Metaspace       used 70915K, committed 71488K, reserved 1114112K
  class space    used 10412K, committed 10688K, reserved 1048576K
}

